<?xml version="1.0" encoding="UTF-8"?>
<!-- Generated by org.testng.reporters.JUnitReportReporter -->
<testsuite hostname="Ajinkya-PC" name="com.test.automation.gmail.Test.TC003_Verify_Deletion_Of_Mail" tests="1" failures="0" timestamp="30 Jul 2017 07:48:46 GMT" time="17.811" errors="0">
  <testcase name="verify_Deletion_Of_Mail" time="17.811" classname="com.test.automation.gmail.Test.TC003_Verify_Deletion_Of_Mail"/>
</testsuite> <!-- com.test.automation.gmail.Test.TC003_Verify_Deletion_Of_Mail -->
