<?xml version="1.0" encoding="UTF-8"?>
<!-- Generated by org.testng.reporters.JUnitReportReporter -->
<testsuite hostname="Ajinkya-PC" name="com.test.automation.gmail.demo.TestDemo" tests="1" failures="0" timestamp="17 Jul 2017 20:22:43 GMT" time="64.262" errors="0">
  <testcase name="login" time="64.262" classname="com.test.automation.gmail.demo.TestDemo"/>
</testsuite> <!-- com.test.automation.gmail.demo.TestDemo -->
