<?xml version="1.0" encoding="UTF-8"?>
<!-- Generated by org.testng.reporters.JUnitReportReporter -->
<testsuite hostname="Ajinkya-PC" name="com.test.automation.gmail.Test.TC002_VerifySendEmail" tests="1" failures="0" timestamp="17 Jul 2017 20:24:41 GMT" time="29.116" errors="0">
  <testcase name="verifySendEmail" time="29.116" classname="com.test.automation.gmail.Test.TC002_VerifySendEmail"/>
</testsuite> <!-- com.test.automation.gmail.Test.TC002_VerifySendEmail -->
