<?xml version="1.0" encoding="UTF-8"?>
<!-- Generated by org.testng.reporters.JUnitReportReporter -->
<testsuite hostname="Ajinkya-PC" name="com.test.automation.gmail.demo.TestDemo" tests="1" failures="0" timestamp="23 Jul 2017 05:29:26 GMT" time="70.660" errors="0">
  <testcase name="login" time="70.660" classname="com.test.automation.gmail.demo.TestDemo"/>
</testsuite> <!-- com.test.automation.gmail.demo.TestDemo -->
