<?xml version="1.0" encoding="UTF-8"?>
<!-- Generated by org.testng.reporters.JUnitReportReporter -->
<testsuite hostname="Ajinkya-PC" name="com.test.automation.gmail.Test.TC001_VerifyLogin" tests="1" failures="0" timestamp="17 Jul 2017 19:54:09 GMT" time="15.977" errors="0">
  <testcase name="verifyLogin" time="15.977" classname="com.test.automation.gmail.Test.TC001_VerifyLogin"/>
</testsuite> <!-- com.test.automation.gmail.Test.TC001_VerifyLogin -->
